<?xml version="1.0" encoding="UTF-8"?>
<!-- Generated by org.testng.reporters.JUnitXMLReporter -->
<testsuite ignored="0" hostname="LAPTOP-FDBR06OL" failures="2" tests="17" name="Test" time="13.061" errors="0" timestamp="2023-04-17T13:18:03 MDT">
  <testcase classname="com.TestNG.GoogleTest" name="@AfterMethod tearDown" time="0.001">
    <failure type="java.lang.NullPointerException" message="Cannot invoke &amp;quot;org.openqa.selenium.WebDriver.quit()&amp;quot; because &amp;quot;this.driver&amp;quot; is null">
      <![CDATA[java.lang.NullPointerException: Cannot invoke "org.openqa.selenium.WebDriver.quit()" because "this.driver" is null
at com.TestNG.GoogleTest.tearDown(GoogleTest.java:44)
at java.base/java.util.ArrayList.forEach(ArrayList.java:1511)
... Removed 32 stack frames]]>
    </failure>
  </testcase> <!-- @AfterMethod tearDown -->
  <testcase classname="com.TestNG.GoogleTest" name="@BeforeMethod setUp" time="-1.681759083592E9">
    <skipped/>
  </testcase> <!-- @BeforeMethod setUp -->
  <testcase classname="com.TestNG.GoogleTest" name="@AfterMethod tearDown" time="-1.681759083622E9">
    <skipped/>
  </testcase> <!-- @AfterMethod tearDown -->
  <testcase classname="com.TestNG.InvocationCountTest" name="sum" time="0.009"/>
  <testcase classname="com.TestNG.InvocationCountTest" name="sum" time="0.003"/>
  <testcase classname="com.TestNG.InvocationCountTest" name="sum" time="0.007"/>
  <testcase classname="com.TestNG.InvocationCountTest" name="sum" time="0.007"/>
  <testcase classname="com.TestNG.InvocationCountTest" name="sum" time="0.025"/>
  <testcase classname="com.TestNG.InvocationCountTest" name="sum" time="0.009"/>
  <testcase classname="com.TestNG.InvocationCountTest" name="sum" time="0.008"/>
  <testcase classname="com.TestNG.InvocationCountTest" name="sum" time="0.005"/>
  <testcase classname="com.TestNG.InvocationCountTest" name="sum" time="0.009"/>
  <testcase classname="com.TestNG.InvocationCountTest" name="sum" time="0.002"/>
  <testcase classname="com.TestNG.GoogleTest" name="googleLogoTest" time="0.001">
    <failure type="java.lang.NullPointerException" message="Cannot invoke &amp;quot;org.openqa.selenium.WebDriver.findElement(org.openqa.selenium.By)&amp;quot; because &amp;quot;this.driver&amp;quot; is null">
      <![CDATA[java.lang.NullPointerException: Cannot invoke "org.openqa.selenium.WebDriver.findElement(org.openqa.selenium.By)" because "this.driver" is null
at com.TestNG.GoogleTest.googleLogoTest(GoogleTest.java:39)
at java.base/java.util.ArrayList.forEach(ArrayList.java:1511)
... Removed 27 stack frames]]>
    </failure>
  </testcase> <!-- googleLogoTest -->
  <testcase classname="com.TestNG.GoogleTest" name="googleTitleTest" time="0.0">
    <skipped/>
  </testcase> <!-- googleTitleTest -->
  <testcase classname="com.TestNG.ExceptionTimeOutTest" name="infiniteLoopTest" time="0.026">
    <failure type="org.testng.TestException" message="
Expected exception of type class java.lang.NumberFormatException but got org.testng.internal.thread.ThreadTimeoutException: Method com.TestNG.ExceptionTimeOutTest.infiniteLoopTest() didn&amp;apos;t finish within the time-out 2">
      <![CDATA[org.testng.TestException: 
at java.base/java.util.ArrayList.forEach(ArrayList.java:1511)
... 22 more
... Removed 29 stack frames]]>
    </failure>
  </testcase> <!-- infiniteLoopTest -->
  <testcase classname="com.TestNG.AnnotationsDemo" name="googleTitleTest" time="0.007"/>
  <testcase classname="com.TestNG.AnnotationsDemo" name="homePageTest" time="0.005"/>
  <testcase classname="com.TestNG.TestNGFeatures" name="loginTest" time="0.001"/>
  <testcase classname="com.TestNG.TestNGFeatures" name="HomePageTest" time="0.007"/>
</testsuite> <!-- Test -->
